<?xml version="1.0" encoding="UTF-8"?>
<!-- Generated by org.testng.reporters.JUnitReportReporter -->
<testsuite hostname="DESKTOP-PJLCLMT" failures="0" tests="1" name="pipeline_selenium.JenkinsPipeline" time="0.008" errors="0" timestamp="2019-11-30T12:09:16 EAT" skipped="0">
  <testcase classname="pipeline_selenium.JenkinsPipeline" name="firstPipelineTest" time="0.008"/>
</testsuite> <!-- pipeline_selenium.JenkinsPipeline -->
